<?xml version="1.0" encoding="UTF-8"?>
<!-- Generated by org.testng.reporters.JUnitXMLReporter -->
<testsuite ignored="0" hostname="DESKTOP-1JPHNK3" failures="0" tests="2" name="LumaEcommerceTestAutomation" time="18.846" errors="0" timestamp="2023-02-22T13:17:31 IST">
  <testcase classname="testcases.com.test.qa.LoginPageTest" name="verifyLoginPageHeading" time="1.453"/>
  <testcase classname="testcases.com.test.qa.LoginPageTest" name="verifyLoginFunctionality" time="3.55"/>
</testsuite> <!-- LumaEcommerceTestAutomation -->
